-------------------------------------------------------------------------------
Test set: com.bankslips.rest.GetBankSlipsTest
-------------------------------------------------------------------------------
Tests run: 1, Failures: 1, Errors: 0, Skipped: 0, Time elapsed: 0.002 s <<< FAILURE! - in com.bankslips.rest.GetBankSlipsTest
GetBankSlips(com.bankslips.rest.GetBankSlipsTest)  Time elapsed: 0.002 s  <<< FAILURE!
java.lang.AssertionError: 
JSON path "$.id"
Expected: is "84e8adbf-1a14-403b-ad73-d78ae19b59bf"
     but: was null
	at com.bankslips.rest.GetBankSlipsTest.GetBankSlips(GetBankSlipsTest.java:32)

