<?xml version="1.0" encoding="UTF-8"?>
<testsuite xmlns:xsi="http://www.w3.org/2001/XMLSchema-instance" xsi:noNamespaceSchemaLocation="https://maven.apache.org/surefire/maven-surefire-plugin/xsd/surefire-test-report.xsd" name="com.bankslips.rest.CreateBankSlipTests" time="1.391" tests="3" errors="0" skipped="0" failures="2">
  <properties>
[...]
</properties>
  <testcase name="CreateBankSlipSuccess" classname="com.bankslips.rest.CreateBankSlipTests" time="0.041">
    <failure message="Status expected:&lt;200&gt; but was:&lt;404&gt;" type="java.lang.AssertionError"><![CDATA[java.lang.AssertionError: Status expected:<200> but was:<404>
	at com.bankslips.rest.CreateBankSlipTests.CreateBankSlipSuccess(CreateBankSlipTests.java:77)
]]></failure>
    <system-out><![CDATA[2018-05-08 19:35:58.731  INFO 580 --- [           main] .b.t.c.SpringBootTestContextBootstrapper : Neither @ContextConfiguration nor @ContextHierarchy found for test class [com.bankslips.rest.CreateBankSlipTests], using SpringBootContextLoader
2018-05-08 19:35:58.732  INFO 580 --- [           main] o.s.t.c.support.AbstractContextLoader    : Could not detect default resource locations for test class [com.bankslips.rest.CreateBankSlipTests]: no resource found for suffixes {-context.xml, Context.groovy}.
2018-05-08 19:35:58.739  INFO 580 --- [           main] .b.t.c.SpringBootTestContextBootstrapper : Loaded default TestExecutionListener class names from location [META-INF/spring.factories]: [org.springframework.boot.test.mock.mockito.MockitoTestExecutionListener, org.springframework.boot.test.mock.mockito.ResetMocksTestExecutionListener, org.springframework.boot.test.autoconfigure.restdocs.RestDocsTestExecutionListener, org.springframework.boot.test.autoconfigure.web.client.MockRestServiceServerResetTestExecutionListener, org.springframework.boot.test.autoconfigure.web.servlet.MockMvcPrintOnlyOnFailureTestExecutionListener, org.springframework.boot.test.autoconfigure.web.servlet.WebDriverTestExecutionListener, org.springframework.test.context.web.ServletTestExecutionListener, org.springframework.test.context.support.DirtiesContextBeforeModesTestExecutionListener, org.springframework.test.context.support.DependencyInjectionTestExecutionListener, org.springframework.test.context.support.DirtiesContextTestExecutionListener, org.springframework.test.context.transaction.TransactionalTestExecutionListener, org.springframework.test.context.jdbc.SqlScriptsTestExecutionListener]
2018-05-08 19:35:58.739  INFO 580 --- [           main] .b.t.c.SpringBootTestContextBootstrapper : Using TestExecutionListeners: [org.springframework.test.context.web.ServletTestExecutionListener@21ce2e4d, org.springframework.test.context.support.DirtiesContextBeforeModesTestExecutionListener@3921135e, org.springframework.boot.test.mock.mockito.MockitoTestExecutionListener@3a239dac, org.springframework.boot.test.autoconfigure.SpringBootDependencyInjectionTestExecutionListener@759f45f1, org.springframework.test.context.support.DirtiesContextTestExecutionListener@2573b149, org.springframework.test.context.transaction.TransactionalTestExecutionListener@1479ed5a, org.springframework.test.context.jdbc.SqlScriptsTestExecutionListener@3211cc84, org.springframework.boot.test.mock.mockito.ResetMocksTestExecutionListener@3d2eb7fa, org.springframework.boot.test.autoconfigure.restdocs.RestDocsTestExecutionListener@56fa0ef, org.springframework.boot.test.autoconfigure.web.client.MockRestServiceServerResetTestExecutionListener@5e278e25, org.springframework.boot.test.autoconfigure.web.servlet.MockMvcPrintOnlyOnFailureTestExecutionListener@62ee1c89, org.springframework.boot.test.autoconfigure.web.servlet.WebDriverTestExecutionListener@2ab7f649]

  .   ____          _            __ _ _
 /\\ / ___'_ __ _ _(_)_ __  __ _ \ \ \ \
( ( )\___ | '_ | '_| | '_ \/ _` | \ \ \ \
 \\/  ___)| |_)| | | | | || (_| |  ) ) ) )
  '  |____| .__|_| |_|_| |_\__, | / / / /
 =========|_|==============|___/=/_/_/_/
 :: Spring Boot ::        (v2.0.1.RELEASE)

2018-05-08 19:35:58.769  INFO 580 --- [           main] com.bankslips.rest.CreateBankSlipTests   : Starting CreateBankSlipTests on LAPTOP-NTHBVH24 with PID 580 (started by marcelo in C:\TesteContaAzul\bankslips\bankslips-tests)
2018-05-08 19:35:58.769  INFO 580 --- [           main] com.bankslips.rest.CreateBankSlipTests   : No active profile set, falling back to default profiles: default
2018-05-08 19:35:58.772  INFO 580 --- [           main] o.s.w.c.s.GenericWebApplicationContext   : Refreshing org.springframework.web.context.support.GenericWebApplicationContext@dd07be8: startup date [Tue May 08 19:35:58 BRT 2018]; root of context hierarchy
2018-05-08 19:35:59.134  INFO 580 --- [           main] trationDelegate$BeanPostProcessorChecker : Bean 'org.springframework.transaction.annotation.ProxyTransactionManagementConfiguration' of type [org.springframework.transaction.annotation.ProxyTransactionManagementConfiguration$$EnhancerBySpringCGLIB$$597897a0] is not eligible for getting processed by all BeanPostProcessors (for example: not eligible for auto-proxying)
2018-05-08 19:35:59.215  INFO 580 --- [           main] com.zaxxer.hikari.HikariDataSource       : HikariPool-3 - Starting...
2018-05-08 19:35:59.216  INFO 580 --- [           main] com.zaxxer.hikari.HikariDataSource       : HikariPool-3 - Start completed.
2018-05-08 19:35:59.229  INFO 580 --- [           main] j.LocalContainerEntityManagerFactoryBean : Building JPA container EntityManagerFactory for persistence unit 'default'
2018-05-08 19:35:59.229  INFO 580 --- [           main] o.hibernate.jpa.internal.util.LogHelper  : HHH000204: Processing PersistenceUnitInfo [
	name: default
	...]
2018-05-08 19:35:59.233  INFO 580 --- [           main] org.hibernate.dialect.Dialect            : HHH000400: Using dialect: org.hibernate.dialect.H2Dialect
2018-05-08 19:35:59.277  INFO 580 --- [           main] j.LocalContainerEntityManagerFactoryBean : Initialized JPA EntityManagerFactory for persistence unit 'default'
2018-05-08 19:35:59.500  WARN 580 --- [           main] aWebConfiguration$JpaWebMvcConfiguration : spring.jpa.open-in-view is enabled by default. Therefore, database queries may be performed during view rendering. Explicitly configure spring.jpa.open-in-view to disable this warning
2018-05-08 19:35:59.532  INFO 580 --- [           main] s.w.s.m.m.a.RequestMappingHandlerMapping : Mapped "{[/bankslips/{id}/pay],methods=[PUT]}" onto public java.lang.String com.bankslips.rest.BankSlipsRestManager.payBankSlip(java.lang.String)
2018-05-08 19:35:59.532  INFO 580 --- [           main] s.w.s.m.m.a.RequestMappingHandlerMapping : Mapped "{[/bankslips],methods=[GET]}" onto public com.bankslips.entities.BankSlip com.bankslips.rest.BankSlipsRestManager.getBankSlips()
2018-05-08 19:35:59.533  INFO 580 --- [           main] s.w.s.m.m.a.RequestMappingHandlerMapping : Mapped "{[/bankslips],methods=[POST]}" onto public java.lang.String com.bankslips.rest.BankSlipsRestManager.createBankSlip(com.bankslips.entities.BankSlip)
2018-05-08 19:35:59.533  INFO 580 --- [           main] s.w.s.m.m.a.RequestMappingHandlerMapping : Mapped "{[/bankslips/{id}],methods=[DELETE]}" onto public java.lang.String com.bankslips.rest.BankSlipsRestManager.cancelBankSlip(java.lang.String)
2018-05-08 19:35:59.534  INFO 580 --- [           main] s.w.s.m.m.a.RequestMappingHandlerMapping : Mapped "{[/bankslips/{id}],methods=[GET]}" onto public com.bankslips.entities.BankSlip com.bankslips.rest.BankSlipsRestManager.getBankSlipDetails(java.lang.String)
2018-05-08 19:35:59.534  INFO 580 --- [           main] s.w.s.m.m.a.RequestMappingHandlerMapping : Mapped "{[/v2/api-docs],methods=[GET],produces=[application/json || application/hal+json]}" onto public org.springframework.http.ResponseEntity<springfox.documentation.spring.web.json.Json> springfox.documentation.swagger2.web.Swagger2Controller.getDocumentation(java.lang.String,javax.servlet.http.HttpServletRequest)
2018-05-08 19:35:59.537  INFO 580 --- [           main] s.w.s.m.m.a.RequestMappingHandlerMapping : Mapped "{[/swagger-resources]}" onto org.springframework.http.ResponseEntity<java.util.List<springfox.documentation.swagger.web.SwaggerResource>> springfox.documentation.swagger.web.ApiResourceController.swaggerResources()
2018-05-08 19:35:59.537  INFO 580 --- [           main] s.w.s.m.m.a.RequestMappingHandlerMapping : Mapped "{[/swagger-resources/configuration/ui]}" onto org.springframework.http.ResponseEntity<springfox.documentation.swagger.web.UiConfiguration> springfox.documentation.swagger.web.ApiResourceController.uiConfiguration()
2018-05-08 19:35:59.538  INFO 580 --- [           main] s.w.s.m.m.a.RequestMappingHandlerMapping : Mapped "{[/swagger-resources/configuration/security]}" onto org.springframework.http.ResponseEntity<springfox.documentation.swagger.web.SecurityConfiguration> springfox.documentation.swagger.web.ApiResourceController.securityConfiguration()
2018-05-08 19:35:59.539  INFO 580 --- [           main] s.w.s.m.m.a.RequestMappingHandlerMapping : Mapped "{[/error]}" onto public org.springframework.http.ResponseEntity<java.util.Map<java.lang.String, java.lang.Object>> org.springframework.boot.autoconfigure.web.servlet.error.BasicErrorController.error(javax.servlet.http.HttpServletRequest)
2018-05-08 19:35:59.539  INFO 580 --- [           main] s.w.s.m.m.a.RequestMappingHandlerMapping : Mapped "{[/error],produces=[text/html]}" onto public org.springframework.web.servlet.ModelAndView org.springframework.boot.autoconfigure.web.servlet.error.BasicErrorController.errorHtml(javax.servlet.http.HttpServletRequest,javax.servlet.http.HttpServletResponse)
2018-05-08 19:35:59.728  INFO 580 --- [           main] o.s.w.s.handler.SimpleUrlHandlerMapping  : Mapped URL path [/**/favicon.ico] onto handler of type [class org.springframework.web.servlet.resource.ResourceHttpRequestHandler]
2018-05-08 19:35:59.809  INFO 580 --- [           main] s.w.s.m.m.a.RequestMappingHandlerAdapter : Looking for @ControllerAdvice: org.springframework.web.context.support.GenericWebApplicationContext@dd07be8: startup date [Tue May 08 19:35:58 BRT 2018]; root of context hierarchy
2018-05-08 19:35:59.833  INFO 580 --- [           main] o.s.w.s.handler.SimpleUrlHandlerMapping  : Mapped URL path [/webjars/**] onto handler of type [class org.springframework.web.servlet.resource.ResourceHttpRequestHandler]
2018-05-08 19:35:59.833  INFO 580 --- [           main] o.s.w.s.handler.SimpleUrlHandlerMapping  : Mapped URL path [/**] onto handler of type [class org.springframework.web.servlet.resource.ResourceHttpRequestHandler]
2018-05-08 19:36:00.003  INFO 580 --- [           main] o.s.b.t.m.w.SpringBootMockServletContext : Initializing Spring FrameworkServlet ''
2018-05-08 19:36:00.003  INFO 580 --- [           main] o.s.t.web.servlet.TestDispatcherServlet  : FrameworkServlet '': initialization started
2018-05-08 19:36:00.015  INFO 580 --- [           main] o.s.t.web.servlet.TestDispatcherServlet  : FrameworkServlet '': initialization completed in 12 ms
2018-05-08 19:36:00.030  INFO 580 --- [           main] o.s.c.support.DefaultLifecycleProcessor  : Starting beans in phase 2147483647
2018-05-08 19:36:00.031  INFO 580 --- [           main] d.s.w.p.DocumentationPluginsBootstrapper : Context refreshed
2018-05-08 19:36:00.031  INFO 580 --- [           main] d.s.w.p.DocumentationPluginsBootstrapper : Found 1 custom documentation plugin(s)
2018-05-08 19:36:00.035  INFO 580 --- [           main] s.d.s.w.s.ApiListingReferenceScanner     : Scanning for api listing references
2018-05-08 19:36:00.069  INFO 580 --- [           main] com.bankslips.rest.CreateBankSlipTests   : Started CreateBankSlipTests in 1.326 seconds (JVM running for 9.833)
2018-05-08 19:36:00.081  INFO 580 --- [           main] o.s.b.t.m.w.SpringBootMockServletContext : Initializing Spring FrameworkServlet ''
2018-05-08 19:36:00.081  INFO 580 --- [           main] o.s.t.web.servlet.TestDispatcherServlet  : FrameworkServlet '': initialization started
2018-05-08 19:36:00.084  INFO 580 --- [           main] o.s.t.web.servlet.TestDispatcherServlet  : FrameworkServlet '': initialization completed in 3 ms
2018-05-08 19:36:00.112  WARN 580 --- [           main] o.s.web.servlet.PageNotFound             : No mapping found for HTTP request with URI [bankslips] in DispatcherServlet with name ''
]]></system-out>
  </testcase>
  <testcase name="CreateBankSlipErrorRquest" classname="com.bankslips.rest.CreateBankSlipTests" time="0.008">
    <failure message="Status expected:&lt;400&gt; but was:&lt;404&gt;" type="java.lang.AssertionError"><![CDATA[java.lang.AssertionError: Status expected:<400> but was:<404>
	at com.bankslips.rest.CreateBankSlipTests.CreateBankSlipErrorRquest(CreateBankSlipTests.java:92)
]]></failure>
    <system-out><![CDATA[2018-05-08 19:36:00.122  INFO 580 --- [           main] o.s.b.t.m.w.SpringBootMockServletContext : Initializing Spring FrameworkServlet ''
2018-05-08 19:36:00.122  INFO 580 --- [           main] o.s.t.web.servlet.TestDispatcherServlet  : FrameworkServlet '': initialization started
2018-05-08 19:36:00.125  INFO 580 --- [           main] o.s.t.web.servlet.TestDispatcherServlet  : FrameworkServlet '': initialization completed in 3 ms
2018-05-08 19:36:00.126  WARN 580 --- [           main] o.s.web.servlet.PageNotFound             : No mapping found for HTTP request with URI [URL_BASE] in DispatcherServlet with name ''
]]></system-out>
  </testcase>
  <testcase name="GetBankSlipDetails" classname="com.bankslips.rest.CreateBankSlipTests" time="0.011"/>
</testsuite>